<?xml version="1.0" encoding="UTF-8"?>
<!-- Generated by org.testng.reporters.JUnitReportReporter -->
<testsuite hostname="BANL1191b9713.local" name="com.intuit.team.HelloWorldTest" tests="1" failures="0" timestamp="8 Jan 2015 16:05:57 GMT" time="7.482" errors="0">
  <testcase name="testHelloWorld" time="7.482" classname="com.intuit.team.HelloWorldTest"/>
</testsuite>
