<?xml version="1.0" encoding="UTF-8"?>
<!-- Generated by org.testng.reporters.JUnitReportReporter -->
<testsuite hostname="BANL1191b9713.local" name="com.intuit.team.HelloWorld2Test" tests="2" failures="0" timestamp="8 Jan 2015 16:05:57 GMT" time="23.775" errors="0">
  <testcase name="testHelloWorldWithMyDataProvider" time="8.279" classname="com.intuit.team.HelloWorld2Test"/>
  <testcase name="testHelloWorldWithMyDataProvider" time="15.496" classname="com.intuit.team.HelloWorld2Test"/>
</testsuite>
